This is pdfTeX, Version 3.14159265-2.6-1.40.20 (TeX Live 2019/Debian) (preloaded format=pdflatex 2020.4.15)  5 MAY 2020 09:34
entering extended mode
 restricted \write18 enabled.
 %&-line parsing enabled.
**report.tex
(./report.tex
LaTeX2e <2018-12-01>
(/usr/share/texlive/texmf-dist/tex/latex/base/report.cls
Document Class: report 2018/09/03 v1.4i Standard LaTeX document class
(/usr/share/texlive/texmf-dist/tex/latex/base/size12.clo
File: size12.clo 2018/09/03 v1.4i Standard LaTeX file (size option)
)
\c@part=\count80
\c@chapter=\count81
\c@section=\count82
\c@subsection=\count83
\c@subsubsection=\count84
\c@paragraph=\count85
\c@subparagraph=\count86
\c@figure=\count87
\c@table=\count88
\abovecaptionskip=\skip41
\belowcaptionskip=\skip42
\bibindent=\dimen102
)
(/usr/share/texlive/texmf-dist/tex/latex/base/inputenc.sty
Package: inputenc 2018/08/11 v1.3c Input encoding file
\inpenc@prehook=\toks14
\inpenc@posthook=\toks15
)
(/usr/share/texlive/texmf-dist/tex/latex/graphics/graphicx.sty
Package: graphicx 2017/06/01 v1.1a Enhanced LaTeX Graphics (DPC,SPQR)

(/usr/share/texlive/texmf-dist/tex/latex/graphics/keyval.sty
Package: keyval 2014/10/28 v1.15 key=value parser (DPC)
\KV@toks@=\toks16
)
(/usr/share/texlive/texmf-dist/tex/latex/graphics/graphics.sty
Package: graphics 2017/06/25 v1.2c Standard LaTeX Graphics (DPC,SPQR)

(/usr/share/texlive/texmf-dist/tex/latex/graphics/trig.sty
Package: trig 2016/01/03 v1.10 sin cos tan (DPC)
)
(/usr/share/texlive/texmf-dist/tex/latex/graphics-cfg/graphics.cfg
File: graphics.cfg 2016/06/04 v1.11 sample graphics configuration
)
Package graphics Info: Driver file: pdftex.def on input line 99.

(/usr/share/texlive/texmf-dist/tex/latex/graphics-def/pdftex.def
File: pdftex.def 2018/01/08 v1.0l Graphics/color driver for pdftex
))
\Gin@req@height=\dimen103
\Gin@req@width=\dimen104
)
(/usr/share/texlive/texmf-dist/tex/latex/float/float.sty
Package: float 2001/11/08 v1.3d Float enhancements (AL)
\c@float@type=\count89
\float@exts=\toks17
\float@box=\box27
\@float@everytoks=\toks18
\@floatcapt=\box28
)
(/usr/share/texlive/texmf-dist/tex/latex/tools/array.sty
Package: array 2018/12/30 v2.4k Tabular extension package (FMi)
\col@sep=\dimen105
\ar@mcellbox=\box29
\extrarowheight=\dimen106
\NC@list=\toks19
\extratabsurround=\skip43
\backup@length=\skip44
\ar@cellbox=\box30
)
(/usr/share/texlive/texmf-dist/tex/latex/varwidth/varwidth.sty
Package: varwidth 2009/03/30 ver 0.92;  Variable-width minipages
\@vwid@box=\box31
\sift@deathcycles=\count90
\@vwid@loff=\dimen107
\@vwid@roff=\dimen108
) (./report.aux
(./chapters/chapter1.aux) (./chapters/chapter2.aux) (./chapters/chapter3.aux)
(./chapters/chapter4.aux) (./chapters/chapter5.aux))
\openout1 = `report.aux'.

LaTeX Font Info:    Checking defaults for OML/cmm/m/it on input line 12.
LaTeX Font Info:    ... okay on input line 12.
LaTeX Font Info:    Checking defaults for T1/cmr/m/n on input line 12.
LaTeX Font Info:    ... okay on input line 12.
LaTeX Font Info:    Checking defaults for OT1/cmr/m/n on input line 12.
LaTeX Font Info:    ... okay on input line 12.
LaTeX Font Info:    Checking defaults for OMS/cmsy/m/n on input line 12.
LaTeX Font Info:    ... okay on input line 12.
LaTeX Font Info:    Checking defaults for OMX/cmex/m/n on input line 12.
LaTeX Font Info:    ... okay on input line 12.
LaTeX Font Info:    Checking defaults for U/cmr/m/n on input line 12.
LaTeX Font Info:    ... okay on input line 12.

(/usr/share/texlive/texmf-dist/tex/context/base/mkii/supp-pdf.mkii
[Loading MPS to PDF converter (version 2006.09.02).]
\scratchcounter=\count91
\scratchdimen=\dimen109
\scratchbox=\box32
\nofMPsegments=\count92
\nofMParguments=\count93
\everyMPshowfont=\toks20
\MPscratchCnt=\count94
\MPscratchDim=\dimen110
\MPnumerator=\count95
\makeMPintoPDFobject=\count96
\everyMPtoPDFconversion=\toks21
) (/usr/share/texlive/texmf-dist/tex/latex/oberdiek/epstopdf-base.sty
Package: epstopdf-base 2016/05/15 v2.6 Base part for package epstopdf

(/usr/share/texlive/texmf-dist/tex/generic/oberdiek/infwarerr.sty
Package: infwarerr 2016/05/16 v1.4 Providing info/warning/error messages (HO)
)
(/usr/share/texlive/texmf-dist/tex/latex/oberdiek/grfext.sty
Package: grfext 2016/05/16 v1.2 Manage graphics extensions (HO)

(/usr/share/texlive/texmf-dist/tex/generic/oberdiek/kvdefinekeys.sty
Package: kvdefinekeys 2016/05/16 v1.4 Define keys (HO)

(/usr/share/texlive/texmf-dist/tex/generic/oberdiek/ltxcmds.sty
Package: ltxcmds 2016/05/16 v1.23 LaTeX kernel commands for general use (HO)
)))
(/usr/share/texlive/texmf-dist/tex/latex/oberdiek/kvoptions.sty
Package: kvoptions 2016/05/16 v3.12 Key value format for package options (HO)

(/usr/share/texlive/texmf-dist/tex/generic/oberdiek/kvsetkeys.sty
Package: kvsetkeys 2016/05/16 v1.17 Key value parser (HO)

(/usr/share/texlive/texmf-dist/tex/generic/oberdiek/etexcmds.sty
Package: etexcmds 2016/05/16 v1.6 Avoid name clashes with e-TeX commands (HO)

(/usr/share/texlive/texmf-dist/tex/generic/oberdiek/ifluatex.sty
Package: ifluatex 2016/05/16 v1.4 Provides the ifluatex switch (HO)
Package ifluatex Info: LuaTeX not detected.
))))
(/usr/share/texlive/texmf-dist/tex/generic/oberdiek/pdftexcmds.sty
Package: pdftexcmds 2018/09/10 v0.29 Utility functions of pdfTeX for LuaTeX (HO
)

(/usr/share/texlive/texmf-dist/tex/generic/oberdiek/ifpdf.sty
Package: ifpdf 2018/09/07 v3.3 Provides the ifpdf switch
)
Package pdftexcmds Info: LuaTeX not detected.
Package pdftexcmds Info: \pdf@primitive is available.
Package pdftexcmds Info: \pdf@ifprimitive is available.
Package pdftexcmds Info: \pdfdraftmode found.
)
Package epstopdf-base Info: Redefining graphics rule for `.eps' on input line 4
38.
Package grfext Info: Graphics extension search list:
(grfext)             [.pdf,.png,.jpg,.mps,.jpeg,.jbig2,.jb2,.PDF,.PNG,.JPG,.JPE
G,.JBIG2,.JB2,.eps]
(grfext)             \AppendGraphicsExtensions on input line 456.

(/usr/share/texlive/texmf-dist/tex/latex/latexconfig/epstopdf-sys.cfg
File: epstopdf-sys.cfg 2010/07/13 v1.3 Configuration of (r)epstopdf for TeX Liv
e
))
LaTeX Font Info:    External font `cmex10' loaded for size
(Font)              <14.4> on input line 23.
LaTeX Font Info:    External font `cmex10' loaded for size
(Font)              <7> on input line 23.

[1

{/var/lib/texmf/fonts/map/pdftex/updmap/pdftex.map}]
Underfull \hbox (badness 10000) in paragraph at lines 26--31

 []


Underfull \hbox (badness 10000) in paragraph at lines 26--31

 []

[1

]
Underfull \hbox (badness 10000) in paragraph at lines 33--37

 []

[2

] (./report.toc
LaTeX Font Info:    External font `cmex10' loaded for size
(Font)              <12> on input line 2.
LaTeX Font Info:    External font `cmex10' loaded for size
(Font)              <8> on input line 2.
LaTeX Font Info:    External font `cmex10' loaded for size
(Font)              <6> on input line 2.
 [3

])
\tf@toc=\write3
\openout3 = `report.toc'.

 [4] (./report.lof)
\tf@lof=\write4
\openout4 = `report.lof'.

 [5

] (./report.lot)
\tf@lot=\write5
\openout5 = `report.lot'.

 [6

]
\openout2 = `chapters/chapter1.aux'.


(./chapters/chapter1.tex
Chapter 1.
[7


]
LaTeX Font Info:    Try loading font information for OMS+cmr on input line 18.
 (/usr/share/texlive/texmf-dist/tex/latex/base/omscmr.fd
File: omscmr.fd 2014/09/29 v2.5h Standard LaTeX font definitions
)
LaTeX Font Info:    Font shape `OMS/cmr/m/n' in size <12> not available
(Font)              Font shape `OMS/cmsy/m/n' tried instead on input line 18.
) [8]
\openout2 = `chapters/chapter2.aux'.


(./chapters/chapter2.tex
Chapter 2.
<images/classicalnlppipeline.png, id=36, 1138.2525pt x 461.725pt>
File: images/classicalnlppipeline.png Graphic file (type png)
<use images/classicalnlppipeline.png>
Package pdftex.def Info: images/classicalnlppipeline.png  used on input line 10
.
(pdftex.def)             Requested size: 341.4784pt x 138.51857pt.
[9



] [10 <./images/classicalnlppipeline.png>] [11]
<images/LDAplate.png, id=51, 250.9375pt x 131.49126pt>
File: images/LDAplate.png Graphic file (type png)
<use images/LDAplate.png>
Package pdftex.def Info: images/LDAplate.png  used on input line 57.
(pdftex.def)             Requested size: 326.21869pt x 170.93858pt.
 [12] [13 <./images/LDAplate.png>] [14]
<images/toc.png, id=63, 849.1725pt x 788.9475pt>
File: images/toc.png Graphic file (type png)
<use images/toc.png>
Package pdftex.def Info: images/toc.png  used on input line 116.
(pdftex.def)             Requested size: 424.5852pt x 394.47278pt.

Overfull \hbox (34.5852pt too wide) in paragraph at lines 116--117
[][] 
 []

[15] [16 <./images/toc.png>]
<images/sentLDA.png, id=71, 705.63625pt x 368.37625pt>
File: images/sentLDA.png Graphic file (type png)
<use images/sentLDA.png>
Package pdftex.def Info: images/sentLDA.png  used on input line 133.
(pdftex.def)             Requested size: 388.10114pt x 202.60754pt.
 [17 <./images/sentLDA.png>]
<images/sentLDApseudocode.png, id=76, 459.7175pt x 259.97125pt>
File: images/sentLDApseudocode.png Graphic file (type png)
<use images/sentLDApseudocode.png>
Package pdftex.def Info: images/sentLDApseudocode.png  used on input line 142.
(pdftex.def)             Requested size: 275.83263pt x 155.98395pt.

Underfull \hbox (badness 10000) in paragraph at lines 147--150

 []

<images/risktopicfromriskpaper1.png, id=77, 518.93875pt x 600.2425pt>
File: images/risktopicfromriskpaper1.png Graphic file (type png)
<use images/risktopicfromriskpaper1.png>
Package pdftex.def Info: images/risktopicfromriskpaper1.png  used on input line
 156.
(pdftex.def)             Requested size: 415.15157pt x 480.19464pt.

Overfull \hbox (25.15157pt too wide) in paragraph at lines 156--157
 [] 
 []

[18 <./images/sentLDApseudocode.png>]
LaTeX Font Info:    External font `cmex10' loaded for size
(Font)              <5> on input line 160.
) [19 <./images/risktopicfromriskpaper1.png>] [20]
\openout2 = `chapters/chapter3.aux'.

 (./chapters/chapter3.tex
Chapter 3.
[21



]
<images/projectArchitecture.png, id=95, 638.385pt x 244.915pt>
File: images/projectArchitecture.png Graphic file (type png)
<use images/projectArchitecture.png>
Package pdftex.def Info: images/projectArchitecture.png  used on input line 22.

(pdftex.def)             Requested size: 383.03394pt x 146.95012pt.
 [22 <./images/projectArchitecture.png>] [23] [24] [25] [26] [27]
Overfull \hbox (52.60634pt too wide) in paragraph at lines 166--175
 [][] 
 []

[28]
Underfull \hbox (badness 1917) in paragraph at lines 188--188
[]\OT1/cmr/m/n/12 recently, de-mand air trans-porta-tion United States
 []


Underfull \hbox (badness 1917) detected at line 188
[]\OT1/cmr/m/n/12 recently, de-mand air trans-porta-tion United States
 []

[29]
Overfull \hbox (0.94038pt too wide) in paragraph at lines 212--213
[]\OT1/cmr/m/n/12 One other lim-i-ta-tion dis-cov-ered in var-i-ous ex-per-i-me
n-ta-tions with K-means
 []

[30] [31] [32]) [33]
\openout2 = `chapters/chapter4.aux'.

 (./chapters/chapter4.tex
Chapter 4.
[34



] [35]) [36]
\openout2 = `chapters/chapter5.aux'.

 (./chapters/chapter5.tex
Chapter 5.
[37



] [38]) [39]
Underfull \hbox (badness 10000) in paragraph at lines 57--58
[]\OT1/cmr/m/n/12 en.wikipedia.org. (2020). n-gram. [on-line] Avail-able at:
 []


Underfull \hbox (badness 3209) in paragraph at lines 59--60
[]\OT1/cmr/m/n/12 en.wikipedia.org. (2020). Word Em-bed-ding. [on-line] Avail-a
ble at:
 []


Underfull \hbox (badness 4954) in paragraph at lines 67--68
[]\OT1/cmr/m/n/12 en.wikipedia.org. (2020). Clus-ter Anal-y-sis. [on-line] Avai
l-able at:
 []


Underfull \hbox (badness 3601) in paragraph at lines 69--70
[]\OT1/cmr/m/n/12 Towards Data Sci-ence. (2018). K-means Clus-ter-ing: Al-go-ri
thm,
 []


Underfull \hbox (badness 1552) in paragraph at lines 69--70
\OT1/cmr/m/n/12 Ap-pli-ca-tions, Eval-u-a-tion Meth-ods, and Draw-backs. [on-li
ne] Avail-
 []

[40


]
Underfull \hbox (badness 10000) in paragraph at lines 71--72
[]\OT1/cmr/m/n/12 en.wikipedia.org. (2020). DB-SCAN. [on-line] Avail-able at:
 []


Underfull \hbox (badness 10000) in paragraph at lines 75--76
[]\OT1/cmr/m/n/12 Sehrawat, Saurabh, Learn-ing Word Em-bed-dings from 10-
 []


Underfull \hbox (badness 10000) in paragraph at lines 75--76
\OT1/cmr/m/n/12 K Fil-ings Us-ing Py-Torch (Septem-ber 5, 2019). Avail-
 []


Underfull \hbox (badness 10000) in paragraph at lines 75--76
\OT1/cmr/m/n/12 able at SSRN: https://ssrn.com/abstract=3480902 or
 []


Underfull \hbox (badness 1342) in paragraph at lines 79--80
[]\OT1/cmr/m/n/12 NLTK. (2020). Nat-u-ral Lan-guage Toolkit. [on-line] Avail-ab
led at:
 []

[41] (./report.aux (./chapters/chapter1.aux) (./chapters/chapter2.aux)
(./chapters/chapter3.aux) (./chapters/chapter4.aux) (./chapters/chapter5.aux)) 
)
(\end occurred inside a group at level 2)

### simple group (level 2) entered at line 7 ({)
### simple group (level 1) entered at line 163 ({)
### bottom level 
Here is how much of TeX's memory you used:
 1789 strings out of 494510
 26274 string characters out of 6176236
 89917 words of memory out of 5000000
 5406 multiletter control sequences out of 15000+600000
 9761 words of font info for 34 fonts, out of 8000000 for 9000
 36 hyphenation exceptions out of 8191
 41i,10n,25p,1571b,289s stack positions out of 5000i,500n,10000p,200000b,80000s
</usr/share/texlive/texmf-dist/fonts/type1/public/amsfonts/cm/c
mbx12.pfb></usr/share/texlive/texmf-dist/fonts/type1/public/amsfonts/cm/cmmi12.
pfb></usr/share/texlive/texmf-dist/fonts/type1/public/amsfonts/cm/cmmi8.pfb></u
sr/share/texlive/texmf-dist/fonts/type1/public/amsfonts/cm/cmr10.pfb></usr/shar
e/texlive/texmf-dist/fonts/type1/public/amsfonts/cm/cmr12.pfb></usr/share/texli
ve/texmf-dist/fonts/type1/public/amsfonts/cm/cmr17.pfb></usr/share/texlive/texm
f-dist/fonts/type1/public/amsfonts/cm/cmr7.pfb></usr/share/texlive/texmf-dist/f
onts/type1/public/amsfonts/cm/cmr8.pfb></usr/share/texlive/texmf-dist/fonts/typ
e1/public/amsfonts/cm/cmsy10.pfb></usr/share/texlive/texmf-dist/fonts/type1/pub
lic/amsfonts/cm/cmti12.pfb>
Output written on report.pdf (42 pages, 492220 bytes).
PDF statistics:
 196 PDF objects out of 1000 (max. 8388607)
 126 compressed objects within 2 object streams
 0 named destinations out of 1000 (max. 500000)
 36 words of extra memory for PDF output out of 10000 (max. 10000000)

